# JRE version: Java(TM) SE Runtime Environment (8.0_161-b12) (build 1.8.0_161-b12)
# Java VM: Java HotSpot(TM) 64-Bit Server VM (25.161-b12 mixed mode windows-amd64 compressed oops)
Heap:
 PSYoungGen      total 210432K, used 46295K [0x000000076ad80000, 0x000000077b700000, 0x00000007c0000000)
  eden space 194048K, 23% used [0x000000076ad80000,0x000000076dab5c38,0x0000000776b00000)
  from space 16384K, 0% used [0x0000000776b00000,0x0000000776b00000,0x0000000777b00000)
  to   space 17920K, 0% used [0x000000077a580000,0x000000077a580000,0x000000077b700000)
 ParOldGen       total 172544K, used 25490K [0x00000006c0800000, 0x00000006cb080000, 0x000000076ad80000)
  object space 172544K, 14% used [0x00000006c0800000,0x00000006c20e4a88,0x00000006cb080000)
 Metaspace       used 59594K, capacity 62650K, committed 62888K, reserved 1103872K
  class space    used 8275K, capacity 8798K, committed 8880K, reserved 1048576K
GC Heap History (10 events):
Event: 4.737 GC heap before
{Heap before GC invocations=8 (full 2):
 PSYoungGen      total 151040K, used 10730K [0x000000076ad80000, 0x0000000777500000, 0x00000007c0000000)
  eden space 140288K, 0% used [0x000000076ad80000,0x000000076ad80000,0x0000000773680000)
  from space 10752K, 99% used [0x0000000774380000,0x0000000774dfab40,0x0000000774e00000)
  to   space 13312K, 0% used [0x0000000773680000,0x0000000773680000,0x0000000774380000)
 ParOldGen       total 109568K, used 11099K [0x00000006c0800000, 0x00000006c7300000, 0x000000076ad80000)
  object space 109568K, 10% used [0x00000006c0800000,0x00000006c12d6e90,0x00000006c7300000)
 Metaspace       used 33525K, capacity 35352K, committed 35496K, reserved 1079296K
  class space    used 4450K, capacity 4783K, committed 4784K, reserved 1048576K
Event: 4.774 GC heap after
Heap after GC invocations=8 (full 2):
 PSYoungGen      total 151040K, used 0K [0x000000076ad80000, 0x0000000777500000, 0x00000007c0000000)
  eden space 140288K, 0% used [0x000000076ad80000,0x000000076ad80000,0x0000000773680000)
  from space 10752K, 0% used [0x0000000774380000,0x0000000774380000,0x0000000774e00000)
  to   space 13312K, 0% used [0x0000000773680000,0x0000000773680000,0x0000000774380000)
 ParOldGen       total 172544K, used 16975K [0x00000006c0800000, 0x00000006cb080000, 0x000000076ad80000)
  object space 172544K, 9% used [0x00000006c0800000,0x00000006c1893e28,0x00000006cb080000)
 Metaspace       used 33525K, capacity 35352K, committed 35496K, reserved 1079296K
  class space    used 4450K, capacity 4783K, committed 4784K, reserved 1048576K
}
Event: 6.627 GC heap before
{Heap before GC invocations=9 (full 2):
 PSYoungGen      total 151040K, used 140288K [0x000000076ad80000, 0x0000000777500000, 0x00000007c0000000)
  eden space 140288K, 100% used [0x000000076ad80000,0x0000000773680000,0x0000000773680000)
  from space 10752K, 0% used [0x0000000774380000,0x0000000774380000,0x0000000774e00000)
  to   space 13312K, 0% used [0x0000000773680000,0x0000000773680000,0x0000000774380000)
 ParOldGen       total 172544K, used 16975K [0x00000006c0800000, 0x00000006cb080000, 0x000000076ad80000)
  object space 172544K, 9% used [0x00000006c0800000,0x00000006c1893e28,0x00000006cb080000)
 Metaspace       used 39115K, capacity 41226K, committed 41512K, reserved 1085440K
  class space    used 5218K, capacity 5602K, committed 5680K, reserved 1048576K
Event: 6.632 GC heap after
Heap after GC invocations=9 (full 2):
 PSYoungGen      total 153600K, used 6204K [0x000000076ad80000, 0x0000000778780000, 0x00000007c0000000)
  eden space 140288K, 0% used [0x000000076ad80000,0x000000076ad80000,0x0000000773680000)
  from space 13312K, 46% used [0x0000000773680000,0x0000000773c8f0c8,0x0000000774380000)
  to   space 12800K, 0% used [0x0000000777b00000,0x0000000777b00000,0x0000000778780000)
 ParOldGen       total 172544K, used 16983K [0x00000006c0800000, 0x00000006cb080000, 0x000000076ad80000)
  object space 172544K, 9% used [0x00000006c0800000,0x00000006c1895e28,0x00000006cb080000)
 Metaspace       used 39115K, capacity 41226K, committed 41512K, reserved 1085440K
  class space    used 5218K, capacity 5602K, committed 5680K, reserved 1048576K
}
Event: 7.868 GC heap before
{Heap before GC invocations=10 (full 2):
 PSYoungGen      total 153600K, used 146492K [0x000000076ad80000, 0x0000000778780000, 0x00000007c0000000)
  eden space 140288K, 100% used [0x000000076ad80000,0x0000000773680000,0x0000000773680000)
  from space 13312K, 46% used [0x0000000773680000,0x0000000773c8f0c8,0x0000000774380000)
  to   space 12800K, 0% used [0x0000000777b00000,0x0000000777b00000,0x0000000778780000)
 ParOldGen       total 172544K, used 16983K [0x00000006c0800000, 0x00000006cb080000, 0x000000076ad80000)
  object space 172544K, 9% used [0x00000006c0800000,0x00000006c1895e28,0x00000006cb080000)
 Metaspace       used 50423K, capacity 52794K, committed 53160K, reserved 1095680K
  class space    used 6852K, capacity 7302K, committed 7344K, reserved 1048576K
Event: 7.882 GC heap after
Heap after GC invocations=10 (full 2):
 PSYoungGen      total 206848K, used 12795K [0x000000076ad80000, 0x0000000779000000, 0x00000007c0000000)
  eden space 194048K, 0% used [0x000000076ad80000,0x000000076ad80000,0x0000000776b00000)
  from space 12800K, 99% used [0x0000000777b00000,0x000000077877edb8,0x0000000778780000)
  to   space 16384K, 0% used [0x0000000776b00000,0x0000000776b00000,0x0000000777b00000)
 ParOldGen       total 172544K, used 20690K [0x00000006c0800000, 0x00000006cb080000, 0x000000076ad80000)
  object space 172544K, 11% used [0x00000006c0800000,0x00000006c1c34a78,0x00000006cb080000)
 Metaspace       used 50423K, capacity 52794K, committed 53160K, reserved 1095680K
  class space    used 6852K, capacity 7302K, committed 7344K, reserved 1048576K
}
Event: 22.602 GC heap before
{Heap before GC invocations=11 (full 2):
 PSYoungGen      total 206848K, used 105137K [0x000000076ad80000, 0x0000000779000000, 0x00000007c0000000)
  eden space 194048K, 47% used [0x000000076ad80000,0x00000007707ada28,0x0000000776b00000)
  from space 12800K, 99% used [0x0000000777b00000,0x000000077877edb8,0x0000000778780000)
  to   space 16384K, 0% used [0x0000000776b00000,0x0000000776b00000,0x0000000777b00000)
 ParOldGen       total 172544K, used 20690K [0x00000006c0800000, 0x00000006cb080000, 0x000000076ad80000)
  object space 172544K, 11% used [0x00000006c0800000,0x00000006c1c34a78,0x00000006cb080000)
 Metaspace       used 56494K, capacity 58972K, committed 59160K, reserved 1099776K
  class space    used 7814K, capacity 8289K, committed 8368K, reserved 1048576K
Event: 22.615 GC heap after
Heap after GC invocations=11 (full 2):
 PSYoungGen      total 210432K, used 14781K [0x000000076ad80000, 0x000000077b700000, 0x00000007c0000000)
  eden space 194048K, 0% used [0x000000076ad80000,0x000000076ad80000,0x0000000776b00000)
  from space 16384K, 90% used [0x0000000776b00000,0x000000077796f710,0x0000000777b00000)
  to   space 17920K, 0% used [0x000000077a580000,0x000000077a580000,0x000000077b700000)
 ParOldGen       total 172544K, used 20698K [0x00000006c0800000, 0x00000006cb080000, 0x000000076ad80000)
  object space 172544K, 11% used [0x00000006c0800000,0x00000006c1c36a78,0x00000006cb080000)
 Metaspace       used 56494K, capacity 58972K, committed 59160K, reserved 1099776K
  class space    used 7814K, capacity 8289K, committed 8368K, reserved 1048576K
}
Event: 22.615 GC heap before
{Heap before GC invocations=12 (full 3):
 PSYoungGen      total 210432K, used 14781K [0x000000076ad80000, 0x000000077b700000, 0x00000007c0000000)
  eden space 194048K, 0% used [0x000000076ad80000,0x000000076ad80000,0x0000000776b00000)
  from space 16384K, 90% used [0x0000000776b00000,0x000000077796f710,0x0000000777b00000)
  to   space 17920K, 0% used [0x000000077a580000,0x000000077a580000,0x000000077b700000)
 ParOldGen       total 172544K, used 20698K [0x00000006c0800000, 0x00000006cb080000, 0x000000076ad80000)
  object space 172544K, 11% used [0x00000006c0800000,0x00000006c1c36a78,0x00000006cb080000)
 Metaspace       used 56494K, capacity 58972K, committed 59160K, reserved 1099776K
  class space    used 7814K, capacity 8289K, committed 8368K, reserved 1048576K
Event: 22.714 GC heap after
Heap after GC invocations=12 (full 3):
 PSYoungGen      total 210432K, used 0K [0x000000076ad80000, 0x000000077b700000, 0x00000007c0000000)
  eden space 194048K, 0% used [0x000000076ad80000,0x000000076ad80000,0x0000000776b00000)
  from space 16384K, 0% used [0x0000000776b00000,0x0000000776b00000,0x0000000777b00000)
  to   space 17920K, 0% used [0x000000077a580000,0x000000077a580000,0x000000077b700000)
 ParOldGen       total 172544K, used 25490K [0x00000006c0800000, 0x00000006cb080000, 0x000000076ad80000)
  object space 172544K, 14% used [0x00000006c0800000,0x00000006c20e4a88,0x00000006cb080000)
 Metaspace       used 56494K, capacity 58972K, committed 59160K, reserved 1099776K
  class space    used 7814K, capacity 8289K, committed 8368K, reserved 1048576K
}

