# JRE version: Java(TM) SE Runtime Environment (8.0_161-b12) (build 1.8.0_161-b12)
# Java VM: Java HotSpot(TM) 64-Bit Server VM (25.161-b12 mixed mode windows-amd64 compressed oops)
Heap:
 PSYoungGen      total 135680K, used 101719K [0x000000076ad80000, 0x0000000774100000, 0x00000007c0000000)
  eden space 124928K, 75% used [0x000000076ad80000,0x0000000770a0e888,0x0000000772780000)
  from space 10752K, 64% used [0x0000000772780000,0x0000000772e47758,0x0000000773200000)
  to   space 10240K, 0% used [0x0000000773700000,0x0000000773700000,0x0000000774100000)
 ParOldGen       total 110592K, used 8970K [0x00000006c0800000, 0x00000006c7400000, 0x000000076ad80000)
  object space 110592K, 8% used [0x00000006c0800000,0x00000006c10c2bb0,0x00000006c7400000)
 Metaspace       used 32120K, capacity 33798K, committed 34048K, reserved 1079296K
  class space    used 4265K, capacity 4586K, committed 4608K, reserved 1048576K
GC Heap History (10 events):
Event: 1.186 GC heap before
{Heap before GC invocations=2 (full 0):
 PSYoungGen      total 76288K, used 71312K [0x000000076ad80000, 0x0000000770280000, 0x00000007c0000000)
  eden space 65536K, 100% used [0x000000076ad80000,0x000000076ed80000,0x000000076ed80000)
  from space 10752K, 53% used [0x000000076ed80000,0x000000076f324048,0x000000076f800000)
  to   space 10752K, 0% used [0x000000076f800000,0x000000076f800000,0x0000000770280000)
 ParOldGen       total 175104K, used 8K [0x00000006c0800000, 0x00000006cb300000, 0x000000076ad80000)
  object space 175104K, 0% used [0x00000006c0800000,0x00000006c0802000,0x00000006cb300000)
 Metaspace       used 15492K, capacity 15968K, committed 16000K, reserved 1062912K
  class space    used 2018K, capacity 2156K, committed 2176K, reserved 1048576K
Event: 1.192 GC heap after
Heap after GC invocations=2 (full 0):
 PSYoungGen      total 76288K, used 7741K [0x000000076ad80000, 0x0000000774280000, 0x00000007c0000000)
  eden space 65536K, 0% used [0x000000076ad80000,0x000000076ad80000,0x000000076ed80000)
  from space 10752K, 72% used [0x000000076f800000,0x000000076ff8f780,0x0000000770280000)
  to   space 10752K, 0% used [0x000000076ed80000,0x000000076ed80000,0x000000076f800000)
 ParOldGen       total 175104K, used 16K [0x00000006c0800000, 0x00000006cb300000, 0x000000076ad80000)
  object space 175104K, 0% used [0x00000006c0800000,0x00000006c0804000,0x00000006cb300000)
 Metaspace       used 15492K, capacity 15968K, committed 16000K, reserved 1062912K
  class space    used 2018K, capacity 2156K, committed 2176K, reserved 1048576K
}
Event: 1.547 GC heap before
{Heap before GC invocations=3 (full 0):
 PSYoungGen      total 76288K, used 56094K [0x000000076ad80000, 0x0000000774280000, 0x00000007c0000000)
  eden space 65536K, 73% used [0x000000076ad80000,0x000000076dcb83a8,0x000000076ed80000)
  from space 10752K, 72% used [0x000000076f800000,0x000000076ff8f780,0x0000000770280000)
  to   space 10752K, 0% used [0x000000076ed80000,0x000000076ed80000,0x000000076f800000)
 ParOldGen       total 175104K, used 16K [0x00000006c0800000, 0x00000006cb300000, 0x000000076ad80000)
  object space 175104K, 0% used [0x00000006c0800000,0x00000006c0804000,0x00000006cb300000)
 Metaspace       used 20564K, capacity 21178K, committed 21248K, reserved 1067008K
  class space    used 2656K, capacity 2805K, committed 2816K, reserved 1048576K
Event: 1.556 GC heap after
Heap after GC invocations=3 (full 0):
 PSYoungGen      total 76288K, used 9336K [0x000000076ad80000, 0x0000000774280000, 0x00000007c0000000)
  eden space 65536K, 0% used [0x000000076ad80000,0x000000076ad80000,0x000000076ed80000)
  from space 10752K, 86% used [0x000000076ed80000,0x000000076f69e328,0x000000076f800000)
  to   space 10752K, 0% used [0x0000000773800000,0x0000000773800000,0x0000000774280000)
 ParOldGen       total 175104K, used 24K [0x00000006c0800000, 0x00000006cb300000, 0x000000076ad80000)
  object space 175104K, 0% used [0x00000006c0800000,0x00000006c0806000,0x00000006cb300000)
 Metaspace       used 20564K, capacity 21178K, committed 21248K, reserved 1067008K
  class space    used 2656K, capacity 2805K, committed 2816K, reserved 1048576K
}
Event: 1.556 GC heap before
{Heap before GC invocations=4 (full 1):
 PSYoungGen      total 76288K, used 9336K [0x000000076ad80000, 0x0000000774280000, 0x00000007c0000000)
  eden space 65536K, 0% used [0x000000076ad80000,0x000000076ad80000,0x000000076ed80000)
  from space 10752K, 86% used [0x000000076ed80000,0x000000076f69e328,0x000000076f800000)
  to   space 10752K, 0% used [0x0000000773800000,0x0000000773800000,0x0000000774280000)
 ParOldGen       total 175104K, used 24K [0x00000006c0800000, 0x00000006cb300000, 0x000000076ad80000)
  object space 175104K, 0% used [0x00000006c0800000,0x00000006c0806000,0x00000006cb300000)
 Metaspace       used 20564K, capacity 21178K, committed 21248K, reserved 1067008K
  class space    used 2656K, capacity 2805K, committed 2816K, reserved 1048576K
Event: 1.585 GC heap after
Heap after GC invocations=4 (full 1):
 PSYoungGen      total 76288K, used 0K [0x000000076ad80000, 0x0000000774280000, 0x00000007c0000000)
  eden space 65536K, 0% used [0x000000076ad80000,0x000000076ad80000,0x000000076ed80000)
  from space 10752K, 0% used [0x000000076ed80000,0x000000076ed80000,0x000000076f800000)
  to   space 10752K, 0% used [0x0000000773800000,0x0000000773800000,0x0000000774280000)
 ParOldGen       total 110592K, used 8962K [0x00000006c0800000, 0x00000006c7400000, 0x000000076ad80000)
  object space 110592K, 8% used [0x00000006c0800000,0x00000006c10c0bb0,0x00000006c7400000)
 Metaspace       used 20562K, capacity 21172K, committed 21248K, reserved 1067008K
  class space    used 2656K, capacity 2804K, committed 2816K, reserved 1048576K
}
Event: 1.971 GC heap before
{Heap before GC invocations=5 (full 1):
 PSYoungGen      total 76288K, used 65476K [0x000000076ad80000, 0x0000000774280000, 0x00000007c0000000)
  eden space 65536K, 99% used [0x000000076ad80000,0x000000076ed71218,0x000000076ed80000)
  from space 10752K, 0% used [0x000000076ed80000,0x000000076ed80000,0x000000076f800000)
  to   space 10752K, 0% used [0x0000000773800000,0x0000000773800000,0x0000000774280000)
 ParOldGen       total 110592K, used 8962K [0x00000006c0800000, 0x00000006c7400000, 0x000000076ad80000)
  object space 110592K, 8% used [0x00000006c0800000,0x00000006c10c0bb0,0x00000006c7400000)
 Metaspace       used 23466K, capacity 24228K, committed 24576K, reserved 1071104K
  class space    used 3045K, capacity 3238K, committed 3328K, reserved 1048576K
Event: 1.975 GC heap after
Heap after GC invocations=5 (full 1):
 PSYoungGen      total 98816K, used 4378K [0x000000076ad80000, 0x0000000773c80000, 0x00000007c0000000)
  eden space 94208K, 0% used [0x000000076ad80000,0x000000076ad80000,0x0000000770980000)
  from space 4608K, 95% used [0x0000000773800000,0x0000000773c469b8,0x0000000773c80000)
  to   space 10752K, 0% used [0x0000000772780000,0x0000000772780000,0x0000000773200000)
 ParOldGen       total 110592K, used 8962K [0x00000006c0800000, 0x00000006c7400000, 0x000000076ad80000)
  object space 110592K, 8% used [0x00000006c0800000,0x00000006c10c0bb0,0x00000006c7400000)
 Metaspace       used 23466K, capacity 24228K, committed 24576K, reserved 1071104K
  class space    used 3045K, capacity 3238K, committed 3328K, reserved 1048576K
}
Event: 3.325 GC heap before
{Heap before GC invocations=6 (full 1):
 PSYoungGen      total 98816K, used 98586K [0x000000076ad80000, 0x0000000773c80000, 0x00000007c0000000)
  eden space 94208K, 100% used [0x000000076ad80000,0x0000000770980000,0x0000000770980000)
  from space 4608K, 95% used [0x0000000773800000,0x0000000773c469b8,0x0000000773c80000)
  to   space 10752K, 0% used [0x0000000772780000,0x0000000772780000,0x0000000773200000)
 ParOldGen       total 110592K, used 8962K [0x00000006c0800000, 0x00000006c7400000, 0x000000076ad80000)
  object space 110592K, 8% used [0x00000006c0800000,0x00000006c10c0bb0,0x00000006c7400000)
 Metaspace       used 26292K, capacity 27246K, committed 27520K, reserved 1073152K
  class space    used 3386K, capacity 3595K, committed 3712K, reserved 1048576K
Event: 3.331 GC heap after
Heap after GC invocations=6 (full 1):
 PSYoungGen      total 135680K, used 6941K [0x000000076ad80000, 0x0000000774100000, 0x00000007c0000000)
  eden space 124928K, 0% used [0x000000076ad80000,0x000000076ad80000,0x0000000772780000)
  from space 10752K, 64% used [0x0000000772780000,0x0000000772e47758,0x0000000773200000)
  to   space 10240K, 0% used [0x0000000773700000,0x0000000773700000,0x0000000774100000)
 ParOldGen       total 110592K, used 8970K [0x00000006c0800000, 0x00000006c7400000, 0x000000076ad80000)
  object space 110592K, 8% used [0x00000006c0800000,0x00000006c10c2bb0,0x00000006c7400000)
 Metaspace       used 26292K, capacity 27246K, committed 27520K, reserved 1073152K
  class space    used 3386K, capacity 3595K, committed 3712K, reserved 1048576K
}

